<?xml version="1.0" encoding="UTF-8"?>
<!-- Generated by org.testng.reporters.JUnitXMLReporter -->
<testsuite ignored="0" hostname="Riyas-MacBook-Pro.local" failures="0" tests="4" name="Default test" time="2.692" errors="0" timestamp="2022-06-06T01:20:15 IST">
  <testcase classname="verivox.StreetsCheck" name="findTheStreetsForAGivenPostcode" time="1.735"/>
  <testcase classname="verivox.StreetsCheck" name="findTheStreetsForAGivenPostcode" time="0.256"/>
  <testcase classname="verivox.StreetsCheck" name="findTheStreetsForAGivenPostcode" time="0.385"/>
  <testcase classname="verivox.StreetsCheck" name="findTheStreetsForAGivenPostcode" time="0.285"/>
</testsuite> <!-- Default test -->
