<?xml version="1.0" encoding="UTF-8"?>
<!-- Generated by org.testng.reporters.JUnitXMLReporter -->
<testsuite ignored="0" hostname="Riyas-MacBook-Pro.local" failures="0" tests="2" name="Validating Home login" time="41.142" errors="0" timestamp="2022-06-05T13:48:35 IST">
  <testcase classname="verivox.HomePage" name="verify_The_DSL_Calculator" time="13.515"/>
  <testcase classname="verivox.HomePage" name="load_Multiple_Tariff_Result_Pages" time="23.52"/>
</testsuite> <!-- Validating Home login -->
