<?xml version="1.0" encoding="UTF-8"?>
<!-- Generated by org.testng.reporters.JUnitXMLReporter -->
<testsuite ignored="0" hostname="Riyas-MacBook-Pro.local" failures="0" tests="2" name="Validating RestAssured code2 " time="0.55" errors="0" timestamp="2022-06-06T01:17:07 IST">
  <testcase classname="verivox.AddressChecks" name="findTheCitiesForAGivenPostcode" time="0.261"/>
  <testcase classname="verivox.AddressChecks" name="findTheCitiesForAGivenPostcode" time="0.288"/>
</testsuite> <!-- Validating RestAssured code2  -->
