<?xml version="1.0" encoding="UTF-8"?>
<!-- Generated by org.testng.reporters.JUnitXMLReporter -->
<testsuite ignored="0" hostname="Riyas-MacBook-Pro.local" failures="0" tests="4" name="Validating RestAssured code " time="3.657" errors="0" timestamp="2022-06-06T01:17:06 IST">
  <testcase classname="verivox.StreetsCheck" name="findTheStreetsForAGivenPostcode" time="1.746"/>
  <testcase classname="verivox.StreetsCheck" name="findTheStreetsForAGivenPostcode" time="0.262"/>
  <testcase classname="verivox.StreetsCheck" name="findTheStreetsForAGivenPostcode" time="0.288"/>
  <testcase classname="verivox.StreetsCheck" name="findTheStreetsForAGivenPostcode" time="1.333"/>
</testsuite> <!-- Validating RestAssured code  -->
