<?xml version="1.0" encoding="UTF-8"?>
<!-- Generated by org.testng.reporters.JUnitXMLReporter -->
<testsuite hostname="Riyas-MacBook-Pro.local" failures="0" tests="2" name="Validating Scenario 4 " time="0.679" errors="0" timestamp="5 Jun 2022 19:58:45 GMT">
  <testcase classname="verivox.AddressChecks" name="findTheCitiesForAGivenPostcode" time="0.336"/>
  <testcase classname="verivox.AddressChecks" name="findTheCitiesForAGivenPostcode" time="0.343"/>
</testsuite> <!-- Validating Scenario 4  -->
