<?xml version="1.0" encoding="UTF-8"?>
<!-- Generated by org.testng.reporters.JUnitXMLReporter -->
<testsuite hostname="Riyas-MacBook-Pro.local" failures="0" tests="4" name="Validating Scenario 3 " time="2.595" errors="0" timestamp="5 Jun 2022 19:58:45 GMT">
  <testcase classname="verivox.StreetsCheck" name="findTheStreetsForAGivenPostcode" time="1.639"/>
  <testcase classname="verivox.StreetsCheck" name="findTheStreetsForAGivenPostcode" time="0.335"/>
  <testcase classname="verivox.StreetsCheck" name="findTheStreetsForAGivenPostcode" time="0.27"/>
  <testcase classname="verivox.StreetsCheck" name="findTheStreetsForAGivenPostcode" time="0.347"/>
</testsuite> <!-- Validating Scenario 3  -->
