<?xml version="1.0" encoding="UTF-8"?>
<testng-results ignored="0" total="4" passed="4" failed="0" skipped="0">
  <reporter-output>
  </reporter-output>
  <suite started-at="2022-06-06T01:20:13 IST" name="Default suite" finished-at="2022-06-06T01:20:15 IST" duration-ms="2692">
    <groups>
    </groups>
    <test started-at="2022-06-06T01:20:13 IST" name="Default test" finished-at="2022-06-06T01:20:15 IST" duration-ms="2692">
      <class name="verivox.StreetsCheck">
        <test-method signature="findTheStreetsForAGivenPostcode(java.lang.String,java.lang.String)[pri:0, instance:verivox.StreetsCheck@479ceda0]" started-at="2022-06-06T01:20:13 IST" name="findTheStreetsForAGivenPostcode" data-provider="getInputData" finished-at="2022-06-06T01:20:14 IST" duration-ms="1735" status="PASS">
          <params>
            <param index="0">
              <value>
                <![CDATA[10409/Berlin/Streets]]>
              </value>
            </param>
            <param index="1">
              <value>
                <![CDATA[[Cohnstr., Einsteinstr., Erich-Weinert-Str., Georg-Blank-Str., Goethestr., Greifswalder Str., Grellstr., Gubitzstr., Gürtelstr., Hanns-Eisler-Str., Hosemannstr., Küselstr., Lindenhoekweg, Mandelstr., Michelangelostr., Naugarder Str., Ostseeplatz, Ostseestr., Paul-Grasse-Str., Pieskower Weg, Prenzlauer Allee, Preußstr., Rietzestr., Schieritzstr., Sodtkestr., Storkower Str., Sültstr., Thomas-Mann-Str., Trachtenbrodtstr.]]]>
              </value>
            </param>
          </params>
          <reporter-output>
          </reporter-output>
        </test-method> <!-- findTheStreetsForAGivenPostcode -->
        <test-method signature="findTheStreetsForAGivenPostcode(java.lang.String,java.lang.String)[pri:0, instance:verivox.StreetsCheck@479ceda0]" started-at="2022-06-06T01:20:14 IST" name="findTheStreetsForAGivenPostcode" data-provider="getInputData" finished-at="2022-06-06T01:20:15 IST" duration-ms="256" status="PASS">
          <params>
            <param index="0">
              <value>
                <![CDATA[77716/Fischerbach/Streets]]>
              </value>
            </param>
            <param index="1">
              <value>
                <![CDATA[[Am Höfle, Bergstr., Ellengrund, Ellmattenstr., Eschau, Eschbach, Fritz-Ullmann-Weg, Gemsbühl, Goetheweg, Hansjakobstr., Hauptstr., Herrenberg, Hintertal, Im Katzengraben, Im Wiesengrün, Karl-May-Weg, Kinzigstr., Kirchweg, Martinshof, Mitteltal, Obere Klinge, Pfarrer-Strittmatter-Weg, Rebgartenstr., Reichenbergstr., Schillerweg, Sonnenmatte, Sportplatz, Trottmatten, Turm, Untere Klinge, Vordertal, Waldstein, Wiesenrain]]]>
              </value>
            </param>
          </params>
          <reporter-output>
          </reporter-output>
        </test-method> <!-- findTheStreetsForAGivenPostcode -->
        <test-method signature="findTheStreetsForAGivenPostcode(java.lang.String,java.lang.String)[pri:0, instance:verivox.StreetsCheck@479ceda0]" started-at="2022-06-06T01:20:15 IST" name="findTheStreetsForAGivenPostcode" data-provider="getInputData" finished-at="2022-06-06T01:20:15 IST" duration-ms="385" status="PASS">
          <params>
            <param index="0">
              <value>
                <![CDATA[77716/Hofstetten/Streets]]>
              </value>
            </param>
            <param index="1">
              <value>
                <![CDATA[[Alter Weg, Altersbach, Am Schneitbach, Auf der Rot, Bannmatt, Berg, Breitebene, Brunnacker, Bühlstr., Dorfwiesen, Eugen-Klausner-Str., Friedhofstr., Georg-Giesler-Str., Georg-Neumaier-Str., Haldestr., Hansjakobstr., Hauptstr., Heidburg, Helgenrain, Im Reble, Im Schneiben, Kapellenweg, Kirchacker, Kreuzstr., Lachen, Lindengarten, Mattenmühle, Mittelweiler, Mühlenmatten, Munde, Oberdorf, Salmensbach, Schluchstr., Schulstr., Senkmatt, Ullerst, Unterdorf, Unterer Fellberg, Waldseeweg, Weißer Brunnen]]]>
              </value>
            </param>
          </params>
          <reporter-output>
          </reporter-output>
        </test-method> <!-- findTheStreetsForAGivenPostcode -->
        <test-method signature="findTheStreetsForAGivenPostcode(java.lang.String,java.lang.String)[pri:0, instance:verivox.StreetsCheck@479ceda0]" started-at="2022-06-06T01:20:15 IST" name="findTheStreetsForAGivenPostcode" data-provider="getInputData" finished-at="2022-06-06T01:20:15 IST" duration-ms="285" status="PASS">
          <params>
            <param index="0">
              <value>
                <![CDATA[77716/Haslach/Streets]]>
              </value>
            </param>
            <param index="1">
              <value>
                <![CDATA[[Ahornstr., Allmendgasse, Allmendweg, Alte Eisenbahnstr., Alte Hausacher Str., Am Dorfbach, Am Gewerbekanal, Am Helgenberg, Am Marktplatz, Am Mühlbach, Am Schafsteg, Am Schänzle, Am Schloßberg, Am Sonnenrain, Am Spielplatz, Bachgasse, Bächlewaldweg, Baumeisterstr., Beethovenstr., Bergstr., Birkenstr., Bohnackerstr., Bollenbacher Str., Breitestr., Bruno-Lenz-Str., Buchenstr., Dorfstr., Dr.-Kempf-Str., Eichenbachstr., Eichenweg, Engelstr., Felsenweg, Franz-Schmider-Str., Gaisbürde, Gartenstr., Gebelestr., Gerbergasse, Goethestr., Grafenstr., Grieshabergasse, Grünweg, Hansjakobstr., Hauptstr., Hausacher Str., Haydnstr., Hebelstr., Herrenberg, Hofstetter Str., Holderweg, Horst-Prinzbach-Str., Im Brühl, Im kleinen Grünle, Im Mühlegrün, Im Spießacker, Im Stricker, In der Frühmeß, In der Hornmatt, In der Sägmatt, In der Schmelze, In der Zillmatt, Innerer Graben, Josef-Rau-Str., Julius-Allgeyer-Str., Kampfackerstr., Kapellenweg, Kinzigstr., Kirchgasse, Klosterstr., Kolpingstr., Königsberger Str., Leimengrubweg, Lindenstr., Lippstr., Ludwig-Blum-Str., Metzgergasse, Mozartstr., Mühlbachweg, Mühlenbacher Str., Mühlenstr., Mülldeponie Vulkan, Neue Eisenbahnstr., Neuer Bergweg, Neumatt, Niederhofenweg, Otto-Göller-Str., Otto-Laible-Str., Pfarrer-Albrecht-Str., Pfarrer-Vetter-Str., Pfarrgasse, Richard-Wagner-Str., Ringstr., Rotkreuzstr., Rudolfstr., Sägerstr., Sandhaasenhalde, Sandhaasstr., Schillerstr., Schlattstr., Schleifmattstr., Schnellinger Str., Schubertstr., Schulstr., Schwarzwaldstr., Seilerstr., Siedlerstr., Silberbergweg, Simon-Fink-Str., Sommerhaldenweg, Steinacher Str., Strickerweg, Talstr., Tannenstr., Waldseeweg, Waldstr., Weiherdamm, Weihermatt, Wilhelm-Engelberg-Str., Wolfgäßle, Xaver-Hättich-Str., Ziegelhütte]]]>
              </value>
            </param>
          </params>
          <reporter-output>
          </reporter-output>
        </test-method> <!-- findTheStreetsForAGivenPostcode -->
      </class> <!-- verivox.StreetsCheck -->
    </test> <!-- Default test -->
  </suite> <!-- Default suite -->
</testng-results>
